runspec started at Sat Feb 22 12:08:08 2020 on "yavin"
runspec is: /scratch/adrianh/SPECcpu2006/bin/runspec
runspec: runspec --config=angora-track.cfg --noreportable --tune=base soplex

Locating benchmarks...found 31 benchmarks in 12 benchsets.
Locating output formats: ASCII, config, CSV, flags, HTML, mail, PDF, PostScript, raw, Screen, Submission Check
Reading config file '/scratch/adrianh/SPECcpu2006/config/angora-track.cfg'
Verbosity = 5
Action    = validate
Tune      = base
Ext       = angora
Size      = ref
Machine   = default
benchmarks= 450.soplex
outputs   = raw,flags,ASCII,PDF,Screen
username  = adrianh
Benchmarks selected: 450.soplex
Compiling Binaries

------------------------------------------------------------------------
  Up to date 450.soplex ref base angora default


Parsing Flags
  Looking at 450.soplex base angora default: done
Flag Parsing Complete

Setting Up Run Directories
  Setting up 450.soplex ref base angora default: existing (run_base_ref_angora.0000)

-----------------------------------
Running Benchmarks

-----------------------------------
  Running (#1) 450.soplex ref base angora default
Commands to run: 
    -C /scratch/adrianh/SPECcpu2006/benchspec/CPU2006/450.soplex/run/run_base_ref_angora.0000
    -o pds-50.mps.out -e pds-50.mps.stderr ../run_base_ref_angora.0000/soplex_base.angora -s1 -e -m45000 pds-50.mps
    -o ref.out -e ref.stderr ../run_base_ref_angora.0000/soplex_base.angora -m3500 ref.mps
Specinvoke: /scratch/adrianh/SPECcpu2006/bin/specinvoke -d /scratch/adrianh/SPECcpu2006/benchspec/CPU2006/450.soplex/run/run_base_ref_angora.0000 -e speccmds.err -o speccmds.stdout -f speccmds.cmd -C
Issuing command '/scratch/adrianh/SPECcpu2006/bin/specinvoke -d /scratch/adrianh/SPECcpu2006/benchspec/CPU2006/450.soplex/run/run_base_ref_angora.0000 -e speccmds.err -o speccmds.stdout -f speccmds.cmd -C'
Start command: Sat Feb 22 12:08:14 2020 (1582333694)
Stop command: Sat Feb 22 13:16:09 2020 (1582337769)
Elapsed time for command: 01:07:55 (4075)
Workload elapsed time (0:1) = 2359.231117 seconds
Workload elapsed time (0:2) = 1708.467073 seconds
copy 0 finished @ Sat Feb 22 13:16:01 2020.  Total elapsed time: 4067.69819
comparing files in '/scratch/adrianh/SPECcpu2006/benchspec/CPU2006/450.soplex/run/run_base_ref_angora.0000'
comparing 'pds-50.mps.out' with abstol=1e-05, binary=, calctol=0, cw=, floatcompare=, ignorecase=, obiwan=1, reltol=0.02, skipabstol=, skipobiwan=, skipreltol=, skiptol=
comparing 'pds-50.mps.stderr' with abstol=20, binary=, calctol=0, cw=, floatcompare=, ignorecase=, obiwan=1, reltol=0.0001, skipabstol=, skipobiwan=, skipreltol=, skiptol=
comparing 'ref.out' with abstol=1e-05, binary=, calctol=0, cw=, floatcompare=, ignorecase=, obiwan=1, reltol=0.02, skipabstol=, skipobiwan=, skipreltol=, skiptol=
comparing 'ref.stderr' with abstol=20, binary=, calctol=0, cw=, floatcompare=, ignorecase=, obiwan=1, reltol=0.0001, skipabstol=, skipobiwan=, skipreltol=, skiptol=
Specinvoke: /scratch/adrianh/SPECcpu2006/bin/specinvoke -E -d /scratch/adrianh/SPECcpu2006/benchspec/CPU2006/450.soplex/run/run_base_ref_angora.0000 -c 1 -e compare.err -o compare.stdout -f compare.cmd
Issuing command '/scratch/adrianh/SPECcpu2006/bin/specinvoke -E -d /scratch/adrianh/SPECcpu2006/benchspec/CPU2006/450.soplex/run/run_base_ref_angora.0000 -c 1 -e compare.err -o compare.stdout -f compare.cmd'
Start command: Sat Feb 22 13:16:09 2020 (1582337769)
Stop command: Sat Feb 22 13:16:12 2020 (1582337772)
Elapsed time for command: 00:00:03 (3)
Benchmark Times:
  Start:    Sat Feb 22 12:08:14 2020 (1582333694)
  Stop:     Sat Feb 22 13:16:09 2020 (1582337769)
  Elapsed:  01:07:55 (4075)
  Reported: 4067 698332000 4067.698332
 Success 450.soplex base ref ratio=2.05, runtime=4067.698332

-----------------------------------
  Running (#2) 450.soplex ref base angora default
Commands to run: 
    -C /scratch/adrianh/SPECcpu2006/benchspec/CPU2006/450.soplex/run/run_base_ref_angora.0000
    -o pds-50.mps.out -e pds-50.mps.stderr ../run_base_ref_angora.0000/soplex_base.angora -s1 -e -m45000 pds-50.mps
    -o ref.out -e ref.stderr ../run_base_ref_angora.0000/soplex_base.angora -m3500 ref.mps
Specinvoke: /scratch/adrianh/SPECcpu2006/bin/specinvoke -d /scratch/adrianh/SPECcpu2006/benchspec/CPU2006/450.soplex/run/run_base_ref_angora.0000 -e speccmds.err -o speccmds.stdout -f speccmds.cmd -C
Issuing command '/scratch/adrianh/SPECcpu2006/bin/specinvoke -d /scratch/adrianh/SPECcpu2006/benchspec/CPU2006/450.soplex/run/run_base_ref_angora.0000 -e speccmds.err -o speccmds.stdout -f speccmds.cmd -C'
Start command: Sat Feb 22 13:16:12 2020 (1582337772)
Stop command: Sat Feb 22 14:17:03 2020 (1582341423)
Elapsed time for command: 01:00:51 (3651)
Workload elapsed time (0:1) = 1930.229201 seconds
Workload elapsed time (0:2) = 1712.574552 seconds
copy 0 finished @ Sat Feb 22 14:16:55 2020.  Total elapsed time: 3642.803753
comparing files in '/scratch/adrianh/SPECcpu2006/benchspec/CPU2006/450.soplex/run/run_base_ref_angora.0000'
comparing 'pds-50.mps.out' with abstol=1e-05, binary=, calctol=0, cw=, floatcompare=, ignorecase=, obiwan=1, reltol=0.02, skipabstol=, skipobiwan=, skipreltol=, skiptol=
comparing 'pds-50.mps.stderr' with abstol=20, binary=, calctol=0, cw=, floatcompare=, ignorecase=, obiwan=1, reltol=0.0001, skipabstol=, skipobiwan=, skipreltol=, skiptol=
comparing 'ref.out' with abstol=1e-05, binary=, calctol=0, cw=, floatcompare=, ignorecase=, obiwan=1, reltol=0.02, skipabstol=, skipobiwan=, skipreltol=, skiptol=
comparing 'ref.stderr' with abstol=20, binary=, calctol=0, cw=, floatcompare=, ignorecase=, obiwan=1, reltol=0.0001, skipabstol=, skipobiwan=, skipreltol=, skiptol=
Specinvoke: /scratch/adrianh/SPECcpu2006/bin/specinvoke -E -d /scratch/adrianh/SPECcpu2006/benchspec/CPU2006/450.soplex/run/run_base_ref_angora.0000 -c 1 -e compare.err -o compare.stdout -f compare.cmd
Issuing command '/scratch/adrianh/SPECcpu2006/bin/specinvoke -E -d /scratch/adrianh/SPECcpu2006/benchspec/CPU2006/450.soplex/run/run_base_ref_angora.0000 -c 1 -e compare.err -o compare.stdout -f compare.cmd'
Start command: Sat Feb 22 14:17:03 2020 (1582341423)
Stop command: Sat Feb 22 14:17:05 2020 (1582341425)
Elapsed time for command: 00:00:02 (2)
Benchmark Times:
  Start:    Sat Feb 22 13:16:12 2020 (1582337772)
  Stop:     Sat Feb 22 14:17:03 2020 (1582341423)
  Elapsed:  01:00:51 (3651)
  Reported: 3642 803883000 3642.803883
 Success 450.soplex base ref ratio=2.29, runtime=3642.803883

-----------------------------------
  Running (#3) 450.soplex ref base angora default
Commands to run: 
    -C /scratch/adrianh/SPECcpu2006/benchspec/CPU2006/450.soplex/run/run_base_ref_angora.0000
    -o pds-50.mps.out -e pds-50.mps.stderr ../run_base_ref_angora.0000/soplex_base.angora -s1 -e -m45000 pds-50.mps
    -o ref.out -e ref.stderr ../run_base_ref_angora.0000/soplex_base.angora -m3500 ref.mps
Specinvoke: /scratch/adrianh/SPECcpu2006/bin/specinvoke -d /scratch/adrianh/SPECcpu2006/benchspec/CPU2006/450.soplex/run/run_base_ref_angora.0000 -e speccmds.err -o speccmds.stdout -f speccmds.cmd -C
Issuing command '/scratch/adrianh/SPECcpu2006/bin/specinvoke -d /scratch/adrianh/SPECcpu2006/benchspec/CPU2006/450.soplex/run/run_base_ref_angora.0000 -e speccmds.err -o speccmds.stdout -f speccmds.cmd -C'
Start command: Sat Feb 22 14:17:05 2020 (1582341425)
Stop command: Sat Feb 22 15:17:13 2020 (1582345033)
Elapsed time for command: 01:00:08 (3608)
Workload elapsed time (0:1) = 1903.209676 seconds
Workload elapsed time (0:2) = 1696.350346 seconds
copy 0 finished @ Sat Feb 22 15:17:05 2020.  Total elapsed time: 3599.560022
comparing files in '/scratch/adrianh/SPECcpu2006/benchspec/CPU2006/450.soplex/run/run_base_ref_angora.0000'
comparing 'pds-50.mps.out' with abstol=1e-05, binary=, calctol=0, cw=, floatcompare=, ignorecase=, obiwan=1, reltol=0.02, skipabstol=, skipobiwan=, skipreltol=, skiptol=
comparing 'pds-50.mps.stderr' with abstol=20, binary=, calctol=0, cw=, floatcompare=, ignorecase=, obiwan=1, reltol=0.0001, skipabstol=, skipobiwan=, skipreltol=, skiptol=
comparing 'ref.out' with abstol=1e-05, binary=, calctol=0, cw=, floatcompare=, ignorecase=, obiwan=1, reltol=0.02, skipabstol=, skipobiwan=, skipreltol=, skiptol=
comparing 'ref.stderr' with abstol=20, binary=, calctol=0, cw=, floatcompare=, ignorecase=, obiwan=1, reltol=0.0001, skipabstol=, skipobiwan=, skipreltol=, skiptol=
Specinvoke: /scratch/adrianh/SPECcpu2006/bin/specinvoke -E -d /scratch/adrianh/SPECcpu2006/benchspec/CPU2006/450.soplex/run/run_base_ref_angora.0000 -c 1 -e compare.err -o compare.stdout -f compare.cmd
Issuing command '/scratch/adrianh/SPECcpu2006/bin/specinvoke -E -d /scratch/adrianh/SPECcpu2006/benchspec/CPU2006/450.soplex/run/run_base_ref_angora.0000 -c 1 -e compare.err -o compare.stdout -f compare.cmd'
Start command: Sat Feb 22 15:17:13 2020 (1582345033)
Stop command: Sat Feb 22 15:17:15 2020 (1582345035)
Elapsed time for command: 00:00:02 (2)
Benchmark Times:
  Start:    Sat Feb 22 14:17:05 2020 (1582341425)
  Stop:     Sat Feb 22 15:17:13 2020 (1582345033)
  Elapsed:  01:00:08 (3608)
  Reported: 3599 560156000 3599.560156
 Success 450.soplex base ref ratio=2.32, runtime=3599.560156
Success: 3x450.soplex
Producing Reports
mach: default
  ext: angora
    size: ref
      set: int
      set: fp
           Flag reduction took 0.0009449s
        format: raw -> /scratch/adrianh/SPECcpu2006/result/CFP2006.283.rsf
        format: flags -> /scratch/adrianh/SPECcpu2006/result/CFP2006.283.flags.html
        format: ASCII -> /scratch/adrianh/SPECcpu2006/result/CFP2006.283.txt
        format: PDF -> /scratch/adrianh/SPECcpu2006/result/CFP2006.283.pdf
        format: Screen -> 
The log for this run is in /scratch/adrianh/SPECcpu2006/result/CPU2006.283.log

runspec finished at Sat Feb 22 15:17:15 2020; 11347 total seconds elapsed
